{"@timestamp":"2022-03-31T14:07:53.877-05:00","@version":"1","message":"Starting BuggApplication using Java 17.0.1 on LAPTOP-NAP7SSR2 with PID 11160 (C:\\Users\\Ionwi\\Documents\\com.revature.Buggs\\com.revature.Buggs\\target\\classes started by Ionwi in C:\\Users\\Ionwi\\Documents\\com.revature.Buggs\\com.revature.Buggs)","logger_name":"com.revature.BuggApplication","thread_name":"restartedMain","level":"INFO","level_value":20000}
{"@timestamp":"2022-03-31T14:07:53.877-05:00","@version":"1","message":"Starting BuggApplication using Java 17.0.1 on LAPTOP-NAP7SSR2 with PID 11160 (C:\\Users\\Ionwi\\Documents\\com.revature.Buggs\\com.revature.Buggs\\target\\classes started by Ionwi in C:\\Users\\Ionwi\\Documents\\com.revature.Buggs\\com.revature.Buggs)","logger_name":"com.revature.BuggApplication","thread_name":"restartedMain","level":"INFO","level_value":20000}
{"@timestamp":"2022-03-31T14:07:53.898-05:00","@version":"1","message":"The following 1 profile is active: \"dev\"","logger_name":"com.revature.BuggApplication","thread_name":"restartedMain","level":"INFO","level_value":20000}
{"@timestamp":"2022-03-31T14:07:53.898-05:00","@version":"1","message":"The following 1 profile is active: \"dev\"","logger_name":"com.revature.BuggApplication","thread_name":"restartedMain","level":"INFO","level_value":20000}
{"@timestamp":"2022-03-31T14:07:54.837-05:00","@version":"1","message":"Bootstrapping Spring Data JPA repositories in DEFAULT mode.","logger_name":"org.springframework.data.repository.config.RepositoryConfigurationDelegate","thread_name":"restartedMain","level":"INFO","level_value":20000}
{"@timestamp":"2022-03-31T14:07:54.864-05:00","@version":"1","message":"Finished Spring Data repository scanning in 25 ms. Found 2 JPA repository interfaces.","logger_name":"org.springframework.data.repository.config.RepositoryConfigurationDelegate","thread_name":"restartedMain","level":"INFO","level_value":20000}
{"@timestamp":"2022-03-31T14:07:55.133-05:00","@version":"1","message":"Tomcat initialized with port(s): 8080 (http)","logger_name":"org.springframework.boot.web.embedded.tomcat.TomcatWebServer","thread_name":"restartedMain","level":"INFO","level_value":20000}
{"@timestamp":"2022-03-31T14:07:55.135-05:00","@version":"1","message":"Starting service [Tomcat]","logger_name":"org.apache.catalina.core.StandardService","thread_name":"restartedMain","level":"INFO","level_value":20000}
{"@timestamp":"2022-03-31T14:07:55.137-05:00","@version":"1","message":"Starting Servlet engine: [Apache Tomcat/9.0.58]","logger_name":"org.apache.catalina.core.StandardEngine","thread_name":"restartedMain","level":"INFO","level_value":20000}
{"@timestamp":"2022-03-31T14:07:55.197-05:00","@version":"1","message":"Initializing Spring embedded WebApplicationContext","logger_name":"org.apache.catalina.core.ContainerBase.[Tomcat].[localhost].[/]","thread_name":"restartedMain","level":"INFO","level_value":20000}
{"@timestamp":"2022-03-31T14:07:55.198-05:00","@version":"1","message":"Root WebApplicationContext: initialization completed in 1289 ms","logger_name":"org.springframework.boot.web.servlet.context.ServletWebServerApplicationContext","thread_name":"restartedMain","level":"INFO","level_value":20000}
{"@timestamp":"2022-03-31T14:07:55.258-05:00","@version":"1","message":"HikariPool-7 - Starting...","logger_name":"com.zaxxer.hikari.HikariDataSource","thread_name":"restartedMain","level":"INFO","level_value":20000}
{"@timestamp":"2022-03-31T14:07:55.272-05:00","@version":"1","message":"HikariPool-7 - Start completed.","logger_name":"com.zaxxer.hikari.HikariDataSource","thread_name":"restartedMain","level":"INFO","level_value":20000}
{"@timestamp":"2022-03-31T14:07:55.273-05:00","@version":"1","message":"H2 console available at '/h2-console'. Database available at 'jdbc:h2:mem:dbtest'","logger_name":"org.springframework.boot.autoconfigure.h2.H2ConsoleAutoConfiguration","thread_name":"restartedMain","level":"INFO","level_value":20000}
{"@timestamp":"2022-03-31T14:07:55.324-05:00","@version":"1","message":"HHH000204: Processing PersistenceUnitInfo [name: default]","logger_name":"org.hibernate.jpa.internal.util.LogHelper","thread_name":"restartedMain","level":"INFO","level_value":20000}
{"@timestamp":"2022-03-31T14:07:55.34-05:00","@version":"1","message":"HHH000400: Using dialect: org.hibernate.dialect.H2Dialect","logger_name":"org.hibernate.dialect.Dialect","thread_name":"restartedMain","level":"INFO","level_value":20000}
{"@timestamp":"2022-03-31T14:07:55.461-05:00","@version":"1","message":"HHH000490: Using JtaPlatform implementation: [org.hibernate.engine.transaction.jta.platform.internal.NoJtaPlatform]","logger_name":"org.hibernate.engine.transaction.jta.platform.internal.JtaPlatformInitiator","thread_name":"restartedMain","level":"INFO","level_value":20000}
{"@timestamp":"2022-03-31T14:07:55.463-05:00","@version":"1","message":"Initialized JPA EntityManagerFactory for persistence unit 'default'","logger_name":"org.springframework.orm.jpa.LocalContainerEntityManagerFactoryBean","thread_name":"restartedMain","level":"INFO","level_value":20000}
{"@timestamp":"2022-03-31T14:07:55.844-05:00","@version":"1","message":"spring.jpa.open-in-view is enabled by default. Therefore, database queries may be performed during view rendering. Explicitly configure spring.jpa.open-in-view to disable this warning","logger_name":"org.springframework.boot.autoconfigure.orm.jpa.JpaBaseConfiguration$JpaWebConfiguration","thread_name":"restartedMain","level":"WARN","level_value":30000}
{"@timestamp":"2022-03-31T14:07:56.202-05:00","@version":"1","message":"LiveReload server is running on port 35729","logger_name":"org.springframework.boot.devtools.autoconfigure.OptionalLiveReloadServer","thread_name":"restartedMain","level":"INFO","level_value":20000}
{"@timestamp":"2022-03-31T14:07:56.208-05:00","@version":"1","message":"Exposing 1 endpoint(s) beneath base path '/actuator'","logger_name":"org.springframework.boot.actuate.endpoint.web.EndpointLinksResolver","thread_name":"restartedMain","level":"INFO","level_value":20000}
{"@timestamp":"2022-03-31T14:07:56.244-05:00","@version":"1","message":"Tomcat started on port(s): 8080 (http) with context path ''","logger_name":"org.springframework.boot.web.embedded.tomcat.TomcatWebServer","thread_name":"restartedMain","level":"INFO","level_value":20000}
{"@timestamp":"2022-03-31T14:07:56.256-05:00","@version":"1","message":"Started BuggApplication in 2.641 seconds (JVM running for 18552.113)","logger_name":"com.revature.BuggApplication","thread_name":"restartedMain","level":"INFO","level_value":20000}
{"@timestamp":"2022-03-31T14:07:56.256-05:00","@version":"1","message":"Started BuggApplication in 2.641 seconds (JVM running for 18552.113)","logger_name":"com.revature.BuggApplication","thread_name":"restartedMain","level":"INFO","level_value":20000}
{"@timestamp":"2022-03-31T14:07:56.263-05:00","@version":"1","message":"Condition evaluation unchanged","logger_name":"org.springframework.boot.devtools.autoconfigure.ConditionEvaluationDeltaLoggingListener","thread_name":"restartedMain","level":"INFO","level_value":20000}
{"@timestamp":"2022-03-31T14:09:25.519-05:00","@version":"1","message":"Closing JPA EntityManagerFactory for persistence unit 'default'","logger_name":"org.springframework.orm.jpa.LocalContainerEntityManagerFactoryBean","thread_name":"Thread-28","level":"INFO","level_value":20000}
{"@timestamp":"2022-03-31T14:09:25.919-05:00","@version":"1","message":"Invocation of destroy method failed on bean with name 'inMemoryDatabaseShutdownExecutor': org.h2.jdbc.JdbcSQLNonTransientConnectionException: Database is already closed (to disable automatic closing at VM shutdown, add \";DB_CLOSE_ON_EXIT=FALSE\" to the db URL) [90121-200]","logger_name":"org.springframework.beans.factory.support.DisposableBeanAdapter","thread_name":"Thread-28","level":"WARN","level_value":30000}
{"@timestamp":"2022-03-31T14:09:25.922-05:00","@version":"1","message":"HikariPool-7 - Shutdown initiated...","logger_name":"com.zaxxer.hikari.HikariDataSource","thread_name":"Thread-28","level":"INFO","level_value":20000}
{"@timestamp":"2022-03-31T14:09:25.937-05:00","@version":"1","message":"HikariPool-7 - Shutdown completed.","logger_name":"com.zaxxer.hikari.HikariDataSource","thread_name":"Thread-28","level":"INFO","level_value":20000}
{"@timestamp":"2022-03-31T14:09:27.485-05:00","@version":"1","message":"Starting BuggApplication using Java 17.0.1 on LAPTOP-NAP7SSR2 with PID 11160 (C:\\Users\\Ionwi\\Documents\\com.revature.Buggs\\com.revature.Buggs\\target\\classes started by Ionwi in C:\\Users\\Ionwi\\Documents\\com.revature.Buggs\\com.revature.Buggs)","logger_name":"com.revature.BuggApplication","thread_name":"restartedMain","level":"INFO","level_value":20000}
{"@timestamp":"2022-03-31T14:09:27.485-05:00","@version":"1","message":"Starting BuggApplication using Java 17.0.1 on LAPTOP-NAP7SSR2 with PID 11160 (C:\\Users\\Ionwi\\Documents\\com.revature.Buggs\\com.revature.Buggs\\target\\classes started by Ionwi in C:\\Users\\Ionwi\\Documents\\com.revature.Buggs\\com.revature.Buggs)","logger_name":"com.revature.BuggApplication","thread_name":"restartedMain","level":"INFO","level_value":20000}
{"@timestamp":"2022-03-31T14:09:27.487-05:00","@version":"1","message":"The following 1 profile is active: \"dev\"","logger_name":"com.revature.BuggApplication","thread_name":"restartedMain","level":"INFO","level_value":20000}
{"@timestamp":"2022-03-31T14:09:27.487-05:00","@version":"1","message":"The following 1 profile is active: \"dev\"","logger_name":"com.revature.BuggApplication","thread_name":"restartedMain","level":"INFO","level_value":20000}
{"@timestamp":"2022-03-31T14:09:28.494-05:00","@version":"1","message":"Bootstrapping Spring Data JPA repositories in DEFAULT mode.","logger_name":"org.springframework.data.repository.config.RepositoryConfigurationDelegate","thread_name":"restartedMain","level":"INFO","level_value":20000}
{"@timestamp":"2022-03-31T14:09:28.528-05:00","@version":"1","message":"Finished Spring Data repository scanning in 33 ms. Found 2 JPA repository interfaces.","logger_name":"org.springframework.data.repository.config.RepositoryConfigurationDelegate","thread_name":"restartedMain","level":"INFO","level_value":20000}
{"@timestamp":"2022-03-31T14:09:28.88-05:00","@version":"1","message":"Tomcat initialized with port(s): 8080 (http)","logger_name":"org.springframework.boot.web.embedded.tomcat.TomcatWebServer","thread_name":"restartedMain","level":"INFO","level_value":20000}
{"@timestamp":"2022-03-31T14:09:28.884-05:00","@version":"1","message":"Starting service [Tomcat]","logger_name":"org.apache.catalina.core.StandardService","thread_name":"restartedMain","level":"INFO","level_value":20000}
{"@timestamp":"2022-03-31T14:09:28.888-05:00","@version":"1","message":"Starting Servlet engine: [Apache Tomcat/9.0.58]","logger_name":"org.apache.catalina.core.StandardEngine","thread_name":"restartedMain","level":"INFO","level_value":20000}
{"@timestamp":"2022-03-31T14:09:28.965-05:00","@version":"1","message":"Initializing Spring embedded WebApplicationContext","logger_name":"org.apache.catalina.core.ContainerBase.[Tomcat].[localhost].[/]","thread_name":"restartedMain","level":"INFO","level_value":20000}
{"@timestamp":"2022-03-31T14:09:28.966-05:00","@version":"1","message":"Root WebApplicationContext: initialization completed in 1471 ms","logger_name":"org.springframework.boot.web.servlet.context.ServletWebServerApplicationContext","thread_name":"restartedMain","level":"INFO","level_value":20000}
{"@timestamp":"2022-03-31T14:09:29.033-05:00","@version":"1","message":"HikariPool-8 - Starting...","logger_name":"com.zaxxer.hikari.HikariDataSource","thread_name":"restartedMain","level":"INFO","level_value":20000}
{"@timestamp":"2022-03-31T14:09:29.043-05:00","@version":"1","message":"HikariPool-8 - Start completed.","logger_name":"com.zaxxer.hikari.HikariDataSource","thread_name":"restartedMain","level":"INFO","level_value":20000}
{"@timestamp":"2022-03-31T14:09:29.046-05:00","@version":"1","message":"H2 console available at '/h2-console'. Database available at 'jdbc:h2:mem:dbtest'","logger_name":"org.springframework.boot.autoconfigure.h2.H2ConsoleAutoConfiguration","thread_name":"restartedMain","level":"INFO","level_value":20000}
{"@timestamp":"2022-03-31T14:09:29.107-05:00","@version":"1","message":"HHH000204: Processing PersistenceUnitInfo [name: default]","logger_name":"org.hibernate.jpa.internal.util.LogHelper","thread_name":"restartedMain","level":"INFO","level_value":20000}
{"@timestamp":"2022-03-31T14:09:29.122-05:00","@version":"1","message":"HHH000400: Using dialect: org.hibernate.dialect.H2Dialect","logger_name":"org.hibernate.dialect.Dialect","thread_name":"restartedMain","level":"INFO","level_value":20000}
{"@timestamp":"2022-03-31T14:09:29.225-05:00","@version":"1","message":"HHH000490: Using JtaPlatform implementation: [org.hibernate.engine.transaction.jta.platform.internal.NoJtaPlatform]","logger_name":"org.hibernate.engine.transaction.jta.platform.internal.JtaPlatformInitiator","thread_name":"restartedMain","level":"INFO","level_value":20000}
{"@timestamp":"2022-03-31T14:09:29.226-05:00","@version":"1","message":"Initialized JPA EntityManagerFactory for persistence unit 'default'","logger_name":"org.springframework.orm.jpa.LocalContainerEntityManagerFactoryBean","thread_name":"restartedMain","level":"INFO","level_value":20000}
{"@timestamp":"2022-03-31T14:09:29.433-05:00","@version":"1","message":"spring.jpa.open-in-view is enabled by default. Therefore, database queries may be performed during view rendering. Explicitly configure spring.jpa.open-in-view to disable this warning","logger_name":"org.springframework.boot.autoconfigure.orm.jpa.JpaBaseConfiguration$JpaWebConfiguration","thread_name":"restartedMain","level":"WARN","level_value":30000}
{"@timestamp":"2022-03-31T14:09:29.784-05:00","@version":"1","message":"LiveReload server is running on port 35729","logger_name":"org.springframework.boot.devtools.autoconfigure.OptionalLiveReloadServer","thread_name":"restartedMain","level":"INFO","level_value":20000}
{"@timestamp":"2022-03-31T14:09:29.791-05:00","@version":"1","message":"Exposing 1 endpoint(s) beneath base path '/actuator'","logger_name":"org.springframework.boot.actuate.endpoint.web.EndpointLinksResolver","thread_name":"restartedMain","level":"INFO","level_value":20000}
{"@timestamp":"2022-03-31T14:09:29.833-05:00","@version":"1","message":"Tomcat started on port(s): 8080 (http) with context path ''","logger_name":"org.springframework.boot.web.embedded.tomcat.TomcatWebServer","thread_name":"restartedMain","level":"INFO","level_value":20000}
{"@timestamp":"2022-03-31T14:09:29.847-05:00","@version":"1","message":"Started BuggApplication in 2.963 seconds (JVM running for 18645.704)","logger_name":"com.revature.BuggApplication","thread_name":"restartedMain","level":"INFO","level_value":20000}
{"@timestamp":"2022-03-31T14:09:29.847-05:00","@version":"1","message":"Started BuggApplication in 2.963 seconds (JVM running for 18645.704)","logger_name":"com.revature.BuggApplication","thread_name":"restartedMain","level":"INFO","level_value":20000}
{"@timestamp":"2022-03-31T14:09:29.852-05:00","@version":"1","message":"Condition evaluation unchanged","logger_name":"org.springframework.boot.devtools.autoconfigure.ConditionEvaluationDeltaLoggingListener","thread_name":"restartedMain","level":"INFO","level_value":20000}
{"@timestamp":"2022-03-31T14:14:08.23-05:00","@version":"1","message":"Initializing Spring DispatcherServlet 'dispatcherServlet'","logger_name":"org.apache.catalina.core.ContainerBase.[Tomcat].[localhost].[/]","thread_name":"http-nio-8080-exec-2","level":"INFO","level_value":20000}
{"@timestamp":"2022-03-31T14:14:08.353-05:00","@version":"1","message":"Initializing Servlet 'dispatcherServlet'","logger_name":"org.springframework.web.servlet.DispatcherServlet","thread_name":"http-nio-8080-exec-2","level":"INFO","level_value":20000}
{"@timestamp":"2022-03-31T14:14:08.636-05:00","@version":"1","message":"Completed initialization in 282 ms","logger_name":"org.springframework.web.servlet.DispatcherServlet","thread_name":"http-nio-8080-exec-2","level":"INFO","level_value":20000}
{"@timestamp":"2022-03-31T14:14:09.121-05:00","@version":"1","message":"users retrieved","logger_name":"com.revature.controllers.UserController","thread_name":"http-nio-8080-exec-2","level":"INFO","level_value":20000,"requestId":"e891bc38-035d-4614-88f6-c2e17023d692"}
{"@timestamp":"2022-03-31T14:14:09.121-05:00","@version":"1","message":"users retrieved","logger_name":"com.revature.controllers.UserController","thread_name":"http-nio-8080-exec-2","level":"INFO","level_value":20000,"requestId":"e891bc38-035d-4614-88f6-c2e17023d692"}
